<?xml version="1.0" encoding="UTF-8"?>
<testng-results skipped="0" failed="0" ignored="0" total="1" passed="1">
  <reporter-output>
  </reporter-output>
  <suite name="Default suite" duration-ms="17139" started-at="2018-02-05T12:35:43Z" finished-at="2018-02-05T12:36:00Z">
    <groups>
    </groups>
    <test name="Default test" duration-ms="17139" started-at="2018-02-05T12:35:43Z" finished-at="2018-02-05T12:36:00Z">
      <class name="com.fbLogin.Facebook">
        <test-method status="PASS" signature="browser()[pri:0, instance:com.fbLogin.Facebook@d8355a8]" name="browser" duration-ms="17070" started-at="2018-02-05T12:35:43Z" finished-at="2018-02-05T12:36:00Z">
          <reporter-output>
          </reporter-output>
        </test-method> <!-- browser -->
      </class> <!-- com.fbLogin.Facebook -->
    </test> <!-- Default test -->
  </suite> <!-- Default suite -->
</testng-results>
